[20130629 10:18:29 INFO ] - HTTP Server listening to port: 3000
[20130629 10:18:29 INFO ] - HTTP Server listening to port: 3000
[20130629 10:18:29 INFO ] - Successfully connected to: mongodb://localhost/messageBoard
[20130629 10:18:29 INFO ] - Successfully connected to: mongodb://localhost/messageBoard
[20130629 10:18:30 INFO ] - HTTP Server listening to port: 3000
[20130629 10:18:30 INFO ] - HTTP Server listening to port: 3000
[20130629 10:18:30 INFO ] - HTTP Server listening to port: 3000
[20130629 10:18:30 INFO ] - Successfully connected to: mongodb://localhost/messageBoard
[20130629 10:18:30 INFO ] - Successfully connected to: mongodb://localhost/messageBoard
[20130629 10:18:30 INFO ] - HTTP Server listening to port: 3000
[20130629 10:18:30 INFO ] - Successfully connected to: mongodb://localhost/messageBoard
[20130629 10:18:30 INFO ] - Successfully connected to: mongodb://localhost/messageBoard
[20130629 10:31:06 INFO ] - HTTP Server listening to port: 3000
[20130629 10:31:06 INFO ] - HTTP Server listening to port: 3000
[20130629 10:31:06 INFO ] - HTTP Server listening to port: 3000
[20130629 10:31:06 INFO ] - HTTP Server listening to port: 3000
[20130629 10:31:06 INFO ] - HTTP Server listening to port: 3000
[20130629 10:31:06 INFO ] - HTTP Server listening to port: 3000
[20130629 10:31:06 INFO ] - HTTP Server listening to port: 3000
[20130629 10:31:06 INFO ] - HTTP Server listening to port: 3000
[20130629 10:31:06 INFO ] - Successfully connected to: mongodb://localhost/messageBoard
[20130629 10:31:06 INFO ] - Successfully connected to: mongodb://localhost/messageBoard
[20130629 10:31:06 INFO ] - Successfully connected to: mongodb://localhost/messageBoard
[20130629 10:31:06 INFO ] - Successfully connected to: mongodb://localhost/messageBoard
[20130629 10:31:06 INFO ] - Successfully connected to: mongodb://localhost/messageBoard
[20130629 10:31:06 INFO ] - Successfully connected to: mongodb://localhost/messageBoard
[20130629 10:31:06 INFO ] - Successfully connected to: mongodb://localhost/messageBoard
[20130629 10:31:06 INFO ] - Successfully connected to: mongodb://localhost/messageBoard
[20130629 22:15:20 INFO ] - HTTP Server listening to port: 3000
[20130629 22:15:20 INFO ] - HTTP Server listening to port: 3000
[20130629 22:15:20 INFO ] - HTTP Server listening to port: 3000
[20130629 22:15:20 INFO ] - HTTP Server listening to port: 3000
[20130629 22:15:20 INFO ] - HTTP Server listening to port: 3000
[20130629 22:15:20 INFO ] - HTTP Server listening to port: 3000
[20130629 22:15:20 INFO ] - Successfully connected to: mongodb://localhost/messageBoard
[20130629 22:15:20 INFO ] - Successfully connected to: mongodb://localhost/messageBoard
[20130629 22:15:20 INFO ] - HTTP Server listening to port: 3000
[20130629 22:15:20 INFO ] - Successfully connected to: mongodb://localhost/messageBoard
[20130629 22:15:20 INFO ] - HTTP Server listening to port: 3000
[20130629 22:15:20 INFO ] - Successfully connected to: mongodb://localhost/messageBoard
[20130629 22:15:20 INFO ] - Successfully connected to: mongodb://localhost/messageBoard
[20130629 22:15:20 INFO ] - Successfully connected to: mongodb://localhost/messageBoard
[20130629 22:15:20 INFO ] - Successfully connected to: mongodb://localhost/messageBoard
[20130629 22:15:20 INFO ] - Successfully connected to: mongodb://localhost/messageBoard
[20130629 22:15:41 INFO ] - HTTP Server listening to port: 3000
[20130629 22:15:41 INFO ] - HTTP Server listening to port: 3000
[20130629 22:15:41 INFO ] - HTTP Server listening to port: 3000
[20130629 22:15:41 INFO ] - HTTP Server listening to port: 3000
[20130629 22:15:41 INFO ] - HTTP Server listening to port: 3000
[20130629 22:15:41 INFO ] - HTTP Server listening to port: 3000
[20130629 22:15:41 INFO ] - Successfully connected to: mongodb://localhost/messageBoard
[20130629 22:15:41 INFO ] - HTTP Server listening to port: 3000
[20130629 22:15:41 INFO ] - Successfully connected to: mongodb://localhost/messageBoard
[20130629 22:15:41 INFO ] - Successfully connected to: mongodb://localhost/messageBoard
[20130629 22:15:41 INFO ] - Successfully connected to: mongodb://localhost/messageBoard
[20130629 22:15:41 INFO ] - HTTP Server listening to port: 3000
[20130629 22:15:41 INFO ] - Successfully connected to: mongodb://localhost/messageBoard
[20130629 22:15:41 INFO ] - Successfully connected to: mongodb://localhost/messageBoard
[20130629 22:15:41 INFO ] - Successfully connected to: mongodb://localhost/messageBoard
[20130629 22:15:41 INFO ] - Successfully connected to: mongodb://localhost/messageBoard
[20130629 22:16:05 INFO ] - HTTP Server listening to port: 3000
[20130629 22:16:05 INFO ] - HTTP Server listening to port: 3000
[20130629 22:16:06 INFO ] - HTTP Server listening to port: 3000
[20130629 22:16:06 INFO ] - Successfully connected to: mongodb://localhost/messageBoard
[20130629 22:16:06 INFO ] - HTTP Server listening to port: 3000
[20130629 22:16:06 INFO ] - HTTP Server listening to port: 3000
[20130629 22:16:06 INFO ] - HTTP Server listening to port: 3000
[20130629 22:16:06 INFO ] - HTTP Server listening to port: 3000
[20130629 22:16:06 INFO ] - Successfully connected to: mongodb://localhost/messageBoard
[20130629 22:16:06 INFO ] - Successfully connected to: mongodb://localhost/messageBoard
[20130629 22:16:06 INFO ] - HTTP Server listening to port: 3000
[20130629 22:16:06 INFO ] - Successfully connected to: mongodb://localhost/messageBoard
[20130629 22:16:06 INFO ] - Successfully connected to: mongodb://localhost/messageBoard
[20130629 22:16:06 INFO ] - Successfully connected to: mongodb://localhost/messageBoard
[20130629 22:16:06 INFO ] - Successfully connected to: mongodb://localhost/messageBoard
[20130629 22:16:06 INFO ] - Successfully connected to: mongodb://localhost/messageBoard
[20130629 22:16:35 INFO ] - HTTP Server listening to port: 3000
[20130629 22:16:35 INFO ] - HTTP Server listening to port: 3000
[20130629 22:16:35 INFO ] - HTTP Server listening to port: 3000
[20130629 22:16:35 INFO ] - Successfully connected to: mongodb://localhost/messageBoard
[20130629 22:16:35 INFO ] - HTTP Server listening to port: 3000
[20130629 22:16:35 INFO ] - HTTP Server listening to port: 3000
[20130629 22:16:35 INFO ] - Successfully connected to: mongodb://localhost/messageBoard
[20130629 22:16:35 INFO ] - Successfully connected to: mongodb://localhost/messageBoard
[20130629 22:16:35 INFO ] - HTTP Server listening to port: 3000
[20130629 22:16:35 INFO ] - HTTP Server listening to port: 3000
[20130629 22:16:35 INFO ] - Successfully connected to: mongodb://localhost/messageBoard
[20130629 22:16:35 INFO ] - HTTP Server listening to port: 3000
[20130629 22:16:35 INFO ] - Successfully connected to: mongodb://localhost/messageBoard
[20130629 22:16:35 INFO ] - Successfully connected to: mongodb://localhost/messageBoard
[20130629 22:16:35 INFO ] - Successfully connected to: mongodb://localhost/messageBoard
[20130629 22:16:35 INFO ] - Successfully connected to: mongodb://localhost/messageBoard
[20130629 23:13:47 INFO ] - HTTP Server listening to port: 3000
[20130629 23:13:47 INFO ] - HTTP Server listening to port: 3000
[20130629 23:13:47 INFO ] - HTTP Server listening to port: 3000
[20130629 23:13:47 INFO ] - HTTP Server listening to port: 3000
[20130629 23:13:47 INFO ] - HTTP Server listening to port: 3000
[20130629 23:13:47 INFO ] - HTTP Server listening to port: 3000
[20130629 23:13:47 INFO ] - HTTP Server listening to port: 3000
[20130629 23:13:47 INFO ] - HTTP Server listening to port: 3000
[20130629 23:13:47 INFO ] - Successfully connected to: mongodb://localhost/messageBoard
[20130629 23:13:47 INFO ] - Successfully connected to: mongodb://localhost/messageBoard
[20130629 23:13:47 INFO ] - Successfully connected to: mongodb://localhost/messageBoard
[20130629 23:13:47 INFO ] - Successfully connected to: mongodb://localhost/messageBoard
[20130629 23:13:47 INFO ] - Successfully connected to: mongodb://localhost/messageBoard
[20130629 23:13:47 INFO ] - Successfully connected to: mongodb://localhost/messageBoard
[20130629 23:13:47 INFO ] - Successfully connected to: mongodb://localhost/messageBoard
[20130629 23:13:47 INFO ] - Successfully connected to: mongodb://localhost/messageBoard
[20130629 23:19:52 INFO ] - HTTP Server listening to port: 3000
[20130629 23:19:52 INFO ] - Successfully connected to: mongodb://localhost/messageBoard
[20130629 23:20:07 INFO ] - { _id: '51c6723d383a297edc000003' }
[20130629 23:20:08 INFO ] - { _id: '51c69a2c103fb2a2e6000002' }
[20130629 23:20:08 INFO ] - { _id: '51c69aaf4e9c4640e7000001' }
[20130629 23:20:09 INFO ] - { _id: '51c69da04e9c4640e7000002' }
[20130629 23:20:10 INFO ] - { _id: '51c69e68c1490957e8000002' }
[20130629 23:20:10 INFO ] - { _id: '51c6a8f6c1490957e8000003' }
[20130629 23:20:10 INFO ] - { _id: '51cdb7e45ed00c0000000001' }
[20130629 23:20:10 INFO ] - { _id: '51cdb9157241c20000000001' }
[20130629 23:20:11 INFO ] - { _id: '51cdb96bc0b9e60000000001' }
[20130629 23:21:00 INFO ] - HTTP Server listening to port: 3000
[20130629 23:21:00 INFO ] - Successfully connected to: mongodb://localhost/messageBoard
[20130629 23:21:00 INFO ] - HTTP Server listening to port: 3000
[20130629 23:21:00 INFO ] - Successfully connected to: mongodb://localhost/messageBoard
[20130629 23:21:00 INFO ] - HTTP Server listening to port: 3000
[20130629 23:21:00 INFO ] - HTTP Server listening to port: 3000
[20130629 23:21:00 INFO ] - HTTP Server listening to port: 3000
[20130629 23:21:00 INFO ] - HTTP Server listening to port: 3000
[20130629 23:21:00 INFO ] - HTTP Server listening to port: 3000
[20130629 23:21:00 INFO ] - Successfully connected to: mongodb://localhost/messageBoard
[20130629 23:21:00 INFO ] - Successfully connected to: mongodb://localhost/messageBoard
[20130629 23:21:00 INFO ] - Successfully connected to: mongodb://localhost/messageBoard
[20130629 23:21:00 INFO ] - Successfully connected to: mongodb://localhost/messageBoard
[20130629 23:21:00 INFO ] - HTTP Server listening to port: 3000
[20130629 23:21:00 INFO ] - Successfully connected to: mongodb://localhost/messageBoard
[20130629 23:21:00 INFO ] - Successfully connected to: mongodb://localhost/messageBoard
[20130629 23:55:11 INFO ] - HTTP Server listening to port: 3000
[20130629 23:55:11 INFO ] - Successfully connected to: mongodb://localhost/messageBoard
[20130630 01:28:42 INFO ] - HTTP Server listening to port: 3000
[20130630 01:28:42 INFO ] - Successfully connected to: mongodb://localhost/messageBoard
[20130630 01:28:45 ERROR ] - ReferenceError: hi is not defined
    at Object.handle (/Users/fin/Dropbox/Teach/CloudAppDev/week5/messageBoard/src/app.js:50:15)
    at Context.next (/Users/fin/Dropbox/Teach/CloudAppDev/week5/messageBoard/node_modules/express/node_modules/connect/lib/proto.js:190:15)
    at Context.actions.pass (/Users/fin/Dropbox/Teach/CloudAppDev/week5/messageBoard/node_modules/passport/lib/passport/context/http/actions.js:77:8)
    at SessionStrategy.authenticate (/Users/fin/Dropbox/Teach/CloudAppDev/week5/messageBoard/node_modules/passport/lib/passport/strategies/session.js:67:10)
    at attempt (/Users/fin/Dropbox/Teach/CloudAppDev/week5/messageBoard/node_modules/passport/lib/passport/middleware/authenticate.js:243:16)
    at Passport.authenticate (/Users/fin/Dropbox/Teach/CloudAppDev/week5/messageBoard/node_modules/passport/lib/passport/middleware/authenticate.js:244:7)
    at next (/Users/fin/Dropbox/Teach/CloudAppDev/week5/messageBoard/node_modules/express/node_modules/connect/lib/proto.js:190:15)
    at Passport.initialize (/Users/fin/Dropbox/Teach/CloudAppDev/week5/messageBoard/node_modules/passport/lib/passport/middleware/initialize.js:69:5)
    at next (/Users/fin/Dropbox/Teach/CloudAppDev/week5/messageBoard/node_modules/express/node_modules/connect/lib/proto.js:190:15)
    at next (/Users/fin/Dropbox/Teach/CloudAppDev/week5/messageBoard/node_modules/express/node_modules/connect/lib/middleware/session.js:312:9)
[20130630 01:28:45 ERROR ] - 127.0.0.1 - - "GET /api/messages HTTP/1.1" 500 - "" "Mozilla/5.0 (Macintosh; Intel Mac OS X 10_8_3) AppleWebKit/537.36 (KHTML, like Gecko) Chrome/27.0.1453.116 Safari/537.36"
[20130630 01:29:27 INFO ] - HTTP Server listening to port: 3000
[20130630 01:29:27 INFO ] - Successfully connected to: mongodb://localhost/messageBoard
[20130630 01:29:28 INFO ] - connect.sid=s%3AZwqPLSM8-LuvXwbC7Hk0nVAs.p51bUDyK5qYADsVC8pnz2KWSEh9GS7dbU4lxUt1FNRo null
[20130630 01:29:28 ERROR ] - 127.0.0.1 - - "GET /api/messages HTTP/1.1" 403 9 "" "Mozilla/5.0 (Macintosh; Intel Mac OS X 10_8_3) AppleWebKit/537.36 (KHTML, like Gecko) Chrome/27.0.1453.116 Safari/537.36"
[20130630 01:30:11 INFO ] - connect.sid=s%3ANsIBbuIwY80x3FBV_cwZAziV.WYUkFvAcyhTK9OmCpUbL%2BLBq4fsMeMgqMcg71JvPAyY; apikey=WrfcohEtkRMt4sUCIuAesPedgxUGbi15 'WrfcohEtkRMt4sUCIuAesPedgxUGbi15'
[20130630 01:30:11 INFO ] - list shown
[20130630 01:30:11 INFO ] - connect.sid=s%3ANsIBbuIwY80x3FBV_cwZAziV.WYUkFvAcyhTK9OmCpUbL%2BLBq4fsMeMgqMcg71JvPAyY; apikey=WrfcohEtkRMt4sUCIuAesPedgxUGbi15 'WrfcohEtkRMt4sUCIuAesPedgxUGbi15'
[20130630 01:30:11 INFO ] - list shown
